<?xml version="1.0" encoding="UTF-8"?>
<!-- Generated by org.testng.reporters.JUnitReportReporter -->
<testsuite hostname="Ankitas-MacBook-Air.local" failures="0" tests="1" name="com.example.tests.IgnoreTest" time="0.003" errors="0" timestamp="2025-08-19T15:39:40 IST" skipped="0">
  <testcase classname="com.example.tests.IgnoreTest" name="testWithIgnore_success" time="0.003"/>
</testsuite> <!-- com.example.tests.IgnoreTest -->
